-1 更新内容汇总 ↓
0.1 版本更新内容： [内容更新]
1） 增加文本说明
2） 增加 4 个大文件
3） 增加 AUTO CD.FILE
4） 增加卸载文件
5） 增加部分文件的使用说明
# 该版本为初始版本 #
/ 凤灵诺提  |  2024 年 2 月 6 日 /

0.2 版本更新内容： [安全更新]
1） 解决 CD 指令需要更改源代码的问题，不再依赖 “AUTO CD.FILE”
2） 移除所有的 “AUTO CD.FILE”
3） 增加 1 个彩蛋文件
4） 更新文件的注释和源代码
5） 调整该文本内容
# 本次更新幅度较小 #
/ 惟兹凯玹  |  2024 年 2 月 10 日 /

0.3 版本更新内容： [安全更新]
1） 增加 TPG 文件的移动文件
2） 反馈方式新增，有问题还可以邮箱至 “Feng_14@outlook.com”
3） 调整该文本内容
4） 微调部分文件
5） 修复 CD 指令的问题
# 本次更新幅度较大，更新难度较大 #
/ 惟兹凯玹  |  2024 年 2 月 11 日 /

0.4 版本更新内容： [安全更新]
1） 增加回滚文件
2） 增加反馈网页
3） 更改该文本和格式
4） 下载方式更改，转到链接后直接开始下载
# 这次更新幅度大，请尽量更新！ #
/ 凤灵诺提  |  2024 年 2 月 13 日 /

0.5 版本更新内容： [安全更新 + 内容更新]
1） 增加 ”特殊文件“ 文件夹
2） 所有特殊文件归纳为 “疑难解答.BAT”
3） 更改该文本
4） 增加 1 个大文件
5） 改善回滚版本文件
6） 重写反馈文件
# 本次更新幅度大，请尽量更新！ #
/ 凤灵诺提  |  2024 年 2 月 14 日 /

0.6 版本更新内容： [安全更新 + 内容更新]
1） 增加 2 个大文件
2） 更改该文本内容以及格式
3） 改善回滚版本文件
4） 改善反馈文件
5） 修正部分文件中的日期错误
6） 增加 1 个小文件
# 这是我开学前最后一次更新了，更新幅度较大 #
/ 惟兹凯玹  |  2024 年 2 月 20 日 /

0.6 Regular 版本更新内容： [安全更新]
1） 重写 “反馈.HTML” 
2） 疑难解答界面改善
3） F 字符转换微调
4） 特殊文件问题修复
5） 更改该文本内容
# 本次更新幅度较大，建议更新 #
/ 凤灵诺提  |  2024 年 2 月 22 日 /

0 说在最前面的话以及注意事项
你好，我是凤灵诺提（你也可以叫我 Feng_Noti 或者 1425 ，惟兹凯玹也是我）
The Play Games (又称 TPG）是我心血来潮制作的，目的是为了方便喜欢搞破坏的学生们更好地鬼搞电脑（其实也是为了方便我自己）
TPG 目前处于测试阶段，其文件是 BAT 或 VBS 或 CMD 或 HTML 等等
！ TPG 的内容全部开放编辑、修改！

1  认识 TPG 文档内的各种符号
/  /  注释符号（一对斜杠）
！  ！  强调符号（一对中文感叹号）
#  #  注释符号（一对井号）
？  ？  提问符号（一对中文问号）
<  递进符号（一个小于号）
（  ）  普通注释 （一对中文小括号）

2  文件介绍
/ 遗产 | Legacy /
0 自动 CD 到当前目录 （当前版本已经移除）
该文件在 TPG 主文件夹的每个子文件夹和根目录中都有
关于 FILE 文件的打开教程，详情请见“（0 自动 CD 到当前目录”
AUTO CD.FILE 打开后 CMD 命令行中将会显示该目录
打开该文件后，点击右上角的 CMD 图标 > 属性（P） > 勾选快速编辑模式（Q）
然后你就可以选择 CMD 中的文字进行复制了！
/ CMD 复制：选中文字后按 Enter 键 /
！这对于后面的文件很重要！
/ 创建日期： 2024 年 2 月 3 日 /
/ 修改日期： 2024 年 2 月 3 日 /

1 - 窗口叠叠乐
START.BAT 是该文件的启动器
其余详情，请见“1 - 窗口叠叠乐”
/ 创建日期： 2024 年 2 月 4 日 /
/ 修改日期： 2024 年 2 月 11 日 /

2 - 隐形的文本文件
该想法来源于 SYSTEM-RAMOS-ZDY
我把它制作成了批处理文件
SN.BAT 是该文件的启动器
/ 创建日期： 2024 年 2 月 2 日 /
/ 修改日期： 2024 年 2 月 5 日 /

3 - 一些无脑文件
请自行尝试
/ 创建日期： 2024 年 2 月 2 日 /
/ 修改日期： 2024 年 2 月 19 日 /

4 - 网页 ？？？
彩蛋文件（0.1 版本），详情请自行尝试
START.BAT 是该文件的启动器
/ 创建日期： 2024 年 2 月 6 日 /
/ 修改日期： 2024 年 2 月 11 日 /

5 - 新年特辑
彩蛋文件（0.2 版本），详情请自行尝试
该文件小到不需要启动器
/ 创建日期： 2024 年 2 月 10 日 /
/ 修改日期： 2024 年 2 月 18 日 / 

6 - F 语言字符转换器
这对以后的 TPG 很重要
/ 创建日期： 2024 年 2 月 14 日 /
/ 修改日期： 2024 年 2 月 19 日 / 

7 - 个人吐槽
主要用于吐槽在私信上看到的言论（现在没有私信了）
/ 创建日期： 2024 年 2 月 16 日 /
/ 修改日期： 2024 年 2 月 18 日 / 

8 - 不想上学！！！
基于现实故事编写，写的很乱，主要用于吐槽寒假时间太短
！该文件可能会卡死电脑！
/ 创建日期： 2024 年 2 月 20 日 /
/ 修改日期： 2024 年 2 月 20 日 / 

3  结尾
目前，删除和移动 TPG 的特殊文件还在完善中
其余文件也正在修改并完善
感谢大家的支持！

TPG 立项时间： 2024 年 2 月 2 日
TPG Version: Test 0.7
